[2025-05-23T13:58:16.463450+00:00] Flutterwave/PHP.NOTICE: Generating Reference Number.... [] []
[2025-05-23T13:58:16.464301+00:00] Flutterwave/PHP.NOTICE: Generated Reference Number....FW|PHP_68307ef871595 [] []
[2025-05-23T13:58:16.464515+00:00] Flutterwave/PHP.NOTICE: Main Class Initializes.... [] []
[2025-05-23T14:01:15.009957+00:00] Flutterwave/PHP.NOTICE: Generating Reference Number.... [] []
[2025-05-23T14:01:15.031762+00:00] Flutterwave/PHP.NOTICE: Generated Reference Number....FW|PHP_68307fab07bf4 [] []
[2025-05-23T14:01:15.033265+00:00] Flutterwave/PHP.NOTICE: Main Class Initializes.... [] []
[2025-05-23T14:01:15.054431+00:00] Flutterwave/PHP.INFO: Rendering Payment Modal.. [] []
[2025-05-23T14:01:15.054617+00:00] Flutterwave/PHP.INFO: Rendered Payment Modal Successfully.. [] []
[2025-05-23T14:10:28.488131+00:00] Flutterwave/PHP.NOTICE: Generating Reference Number.... [] []
[2025-05-23T14:10:28.488412+00:00] Flutterwave/PHP.NOTICE: Generated Reference Number....FW|PHP_683081d4773d0 [] []
[2025-05-23T14:10:28.488474+00:00] Flutterwave/PHP.NOTICE: Main Class Initializes.... [] []
[2025-05-23T14:10:28.501540+00:00] Flutterwave/PHP.INFO: Rendering Payment Modal.. [] []
[2025-05-23T14:10:28.501691+00:00] Flutterwave/PHP.INFO: Rendered Payment Modal Successfully.. [] []
[2025-05-23T14:16:13.776884+00:00] Flutterwave/PHP.NOTICE: Generating Reference Number.... [] []
[2025-05-23T14:16:13.777181+00:00] Flutterwave/PHP.NOTICE: Generated Reference Number....FW|PHP_6830832dbdbcc [] []
[2025-05-23T14:16:13.777281+00:00] Flutterwave/PHP.NOTICE: Main Class Initializes.... [] []
[2025-05-23T14:16:13.787558+00:00] Flutterwave/PHP.INFO: Rendering Payment Modal.. [] []
[2025-05-23T14:16:13.787751+00:00] Flutterwave/PHP.INFO: Rendered Payment Modal Successfully.. [] []
[2025-05-23T14:31:25.441803+00:00] Flutterwave/PHP.NOTICE: Generating Reference Number.... [] []
[2025-05-23T14:31:25.443487+00:00] Flutterwave/PHP.NOTICE: Generated Reference Number....FW|PHP_683086bd6c446 [] []
[2025-05-23T14:31:25.443925+00:00] Flutterwave/PHP.NOTICE: Main Class Initializes.... [] []
[2025-05-23T14:31:25.444764+00:00] Flutterwave/PHP.INFO: Rendering Payment Modal.. [] []
[2025-05-23T14:31:25.445256+00:00] Flutterwave/PHP.INFO: Rendered Payment Modal Successfully.. [] []
